<?xml version="1.0" encoding="UTF-8"?>
<testsuite xmlns:xsi="http://www.w3.org/2001/XMLSchema-instance" xsi:noNamespaceSchemaLocation="https://maven.apache.org/surefire/maven-surefire-plugin/xsd/surefire-test-report.xsd" name="com.redhat.apps.clients.AppTest" time="0.214" tests="1" errors="0" skipped="0" failures="0">
  <properties>
    <property name="awt.toolkit" value="sun.awt.X11.XToolkit"/>
    <property name="java.specification.version" value="11"/>
    <property name="sun.cpu.isalist" value=""/>
    <property name="sun.jnu.encoding" value="UTF-8"/>
    <property name="java.class.path" value="/home/virtuser/apps/application-clients/amq/target/test-classes:/home/virtuser/apps/application-clients/amq/target/classes:/home/virtuser/.m2/repository/org/apache/qpid/qpid-jms-client/0.51.0.redhat-00002/qpid-jms-client-0.51.0.redhat-00002.jar:/home/virtuser/.m2/repository/org/apache/geronimo/specs/geronimo-jms_2.0_spec/1.0.0.alpha-2-redhat-2/geronimo-jms_2.0_spec-1.0.0.alpha-2-redhat-2.jar:/home/virtuser/.m2/repository/org/apache/qpid/proton-j/0.33.4.redhat-00001/proton-j-0.33.4.redhat-00001.jar:/home/virtuser/.m2/repository/io/netty/netty-buffer/4.1.48.Final-redhat-00001/netty-buffer-4.1.48.Final-redhat-00001.jar:/home/virtuser/.m2/repository/io/netty/netty-common/4.1.48.Final-redhat-00001/netty-common-4.1.48.Final-redhat-00001.jar:/home/virtuser/.m2/repository/io/netty/netty-handler/4.1.48.Final-redhat-00001/netty-handler-4.1.48.Final-redhat-00001.jar:/home/virtuser/.m2/repository/io/netty/netty-resolver/4.1.48.Final-redhat-00001/netty-resolver-4.1.48.Final-redhat-00001.jar:/home/virtuser/.m2/repository/io/netty/netty-codec/4.1.48.Final-redhat-00001/netty-codec-4.1.48.Final-redhat-00001.jar:/home/virtuser/.m2/repository/io/netty/netty-transport/4.1.48.Final-redhat-00001/netty-transport-4.1.48.Final-redhat-00001.jar:/home/virtuser/.m2/repository/io/netty/netty-transport-native-epoll/4.1.48.Final-redhat-00001/netty-transport-native-epoll-4.1.48.Final-redhat-00001-linux-x86_64.jar:/home/virtuser/.m2/repository/io/netty/netty-transport-native-unix-common/4.1.48.Final-redhat-00001/netty-transport-native-unix-common-4.1.48.Final-redhat-00001.jar:/home/virtuser/.m2/repository/io/netty/netty-transport-native-kqueue/4.1.48.Final-redhat-00001/netty-transport-native-kqueue-4.1.48.Final-redhat-00001.jar:/home/virtuser/.m2/repository/io/netty/netty-codec-http/4.1.48.Final-redhat-00001/netty-codec-http-4.1.48.Final-redhat-00001.jar:/home/virtuser/.m2/repository/org/projectlombok/lombok/1.18.12/lombok-1.18.12.jar:/home/virtuser/.m2/repository/org/slf4j/slf4j-api/1.7.30.redhat-00001/slf4j-api-1.7.30.redhat-00001.jar:/home/virtuser/.m2/repository/log4j/log4j/1.2.17.redhat-3/log4j-1.2.17.redhat-3.jar:/home/virtuser/.m2/repository/org/slf4j/slf4j-log4j12/1.7.30.redhat-00001/slf4j-log4j12-1.7.30.redhat-00001.jar:/home/virtuser/.m2/repository/junit/junit/4.11/junit-4.11.jar:/home/virtuser/.m2/repository/org/hamcrest/hamcrest-core/1.3/hamcrest-core-1.3.jar:"/>
    <property name="java.vm.vendor" value="Oracle Corporation"/>
    <property name="sun.arch.data.model" value="64"/>
    <property name="java.vendor.url" value="https://openjdk.java.net/"/>
    <property name="user.timezone" value=""/>
    <property name="java.vm.specification.version" value="11"/>
    <property name="os.name" value="Linux"/>
    <property name="sun.java.launcher" value="SUN_STANDARD"/>
    <property name="user.country" value="US"/>
    <property name="sun.boot.library.path" value="/usr/lib/jvm/java-11-openjdk-11.0.8.10-0.el7_8.x86_64/lib"/>
    <property name="sun.java.command" value="/home/virtuser/apps/application-clients/amq/target/surefire/surefirebooter2590890604907354093.jar /home/virtuser/apps/application-clients/amq/target/surefire 2020-08-22T15-18-12_892-jvmRun1 surefire4276835750749223575tmp surefire_05239233446902743485tmp"/>
    <property name="jdk.debug" value="release"/>
    <property name="surefire.test.class.path" value="/home/virtuser/apps/application-clients/amq/target/test-classes:/home/virtuser/apps/application-clients/amq/target/classes:/home/virtuser/.m2/repository/org/apache/qpid/qpid-jms-client/0.51.0.redhat-00002/qpid-jms-client-0.51.0.redhat-00002.jar:/home/virtuser/.m2/repository/org/apache/geronimo/specs/geronimo-jms_2.0_spec/1.0.0.alpha-2-redhat-2/geronimo-jms_2.0_spec-1.0.0.alpha-2-redhat-2.jar:/home/virtuser/.m2/repository/org/apache/qpid/proton-j/0.33.4.redhat-00001/proton-j-0.33.4.redhat-00001.jar:/home/virtuser/.m2/repository/io/netty/netty-buffer/4.1.48.Final-redhat-00001/netty-buffer-4.1.48.Final-redhat-00001.jar:/home/virtuser/.m2/repository/io/netty/netty-common/4.1.48.Final-redhat-00001/netty-common-4.1.48.Final-redhat-00001.jar:/home/virtuser/.m2/repository/io/netty/netty-handler/4.1.48.Final-redhat-00001/netty-handler-4.1.48.Final-redhat-00001.jar:/home/virtuser/.m2/repository/io/netty/netty-resolver/4.1.48.Final-redhat-00001/netty-resolver-4.1.48.Final-redhat-00001.jar:/home/virtuser/.m2/repository/io/netty/netty-codec/4.1.48.Final-redhat-00001/netty-codec-4.1.48.Final-redhat-00001.jar:/home/virtuser/.m2/repository/io/netty/netty-transport/4.1.48.Final-redhat-00001/netty-transport-4.1.48.Final-redhat-00001.jar:/home/virtuser/.m2/repository/io/netty/netty-transport-native-epoll/4.1.48.Final-redhat-00001/netty-transport-native-epoll-4.1.48.Final-redhat-00001-linux-x86_64.jar:/home/virtuser/.m2/repository/io/netty/netty-transport-native-unix-common/4.1.48.Final-redhat-00001/netty-transport-native-unix-common-4.1.48.Final-redhat-00001.jar:/home/virtuser/.m2/repository/io/netty/netty-transport-native-kqueue/4.1.48.Final-redhat-00001/netty-transport-native-kqueue-4.1.48.Final-redhat-00001.jar:/home/virtuser/.m2/repository/io/netty/netty-codec-http/4.1.48.Final-redhat-00001/netty-codec-http-4.1.48.Final-redhat-00001.jar:/home/virtuser/.m2/repository/org/projectlombok/lombok/1.18.12/lombok-1.18.12.jar:/home/virtuser/.m2/repository/org/slf4j/slf4j-api/1.7.30.redhat-00001/slf4j-api-1.7.30.redhat-00001.jar:/home/virtuser/.m2/repository/log4j/log4j/1.2.17.redhat-3/log4j-1.2.17.redhat-3.jar:/home/virtuser/.m2/repository/org/slf4j/slf4j-log4j12/1.7.30.redhat-00001/slf4j-log4j12-1.7.30.redhat-00001.jar:/home/virtuser/.m2/repository/junit/junit/4.11/junit-4.11.jar:/home/virtuser/.m2/repository/org/hamcrest/hamcrest-core/1.3/hamcrest-core-1.3.jar:"/>
    <property name="sun.cpu.endian" value="little"/>
    <property name="user.home" value="/home/virtuser"/>
    <property name="user.language" value="en"/>
    <property name="java.specification.vendor" value="Oracle Corporation"/>
    <property name="java.version.date" value="2020-07-14"/>
    <property name="java.home" value="/usr/lib/jvm/java-11-openjdk-11.0.8.10-0.el7_8.x86_64"/>
    <property name="file.separator" value="/"/>
    <property name="basedir" value="/home/virtuser/apps/application-clients/amq"/>
    <property name="java.vm.compressedOopsMode" value="32-bit"/>
    <property name="line.separator" value="&#10;"/>
    <property name="java.specification.name" value="Java Platform API Specification"/>
    <property name="java.vm.specification.vendor" value="Oracle Corporation"/>
    <property name="java.awt.graphicsenv" value="sun.awt.X11GraphicsEnvironment"/>
    <property name="surefire.real.class.path" value="/home/virtuser/apps/application-clients/amq/target/surefire/surefirebooter2590890604907354093.jar"/>
    <property name="sun.management.compiler" value="HotSpot 64-Bit Tiered Compilers"/>
    <property name="java.runtime.version" value="11.0.8+10-LTS"/>
    <property name="user.name" value="virtuser"/>
    <property name="path.separator" value=":"/>
    <property name="os.version" value="3.10.0-1127.13.1.el7.x86_64"/>
    <property name="java.runtime.name" value="OpenJDK Runtime Environment"/>
    <property name="file.encoding" value="UTF-8"/>
    <property name="java.vm.name" value="OpenJDK 64-Bit Server VM"/>
    <property name="java.vendor.version" value="18.9"/>
    <property name="localRepository" value="/home/virtuser/.m2/repository"/>
    <property name="java.vendor.url.bug" value="https://bugreport.java.com/bugreport/"/>
    <property name="java.io.tmpdir" value="/tmp"/>
    <property name="java.version" value="11.0.8"/>
    <property name="user.dir" value="/home/virtuser/apps/application-clients/amq"/>
    <property name="os.arch" value="amd64"/>
    <property name="java.vm.specification.name" value="Java Virtual Machine Specification"/>
    <property name="java.awt.printerjob" value="sun.print.PSPrinterJob"/>
    <property name="sun.os.patch.level" value="unknown"/>
    <property name="java.library.path" value="/opt/rh/rh-python36/root/usr/lib64:/usr/java/packages/lib:/usr/lib64:/lib64:/lib:/usr/lib"/>
    <property name="java.vm.info" value="mixed mode, sharing"/>
    <property name="java.vendor" value="N/A"/>
    <property name="java.vm.version" value="11.0.8+10-LTS"/>
    <property name="sun.io.unicode.encoding" value="UnicodeLittle"/>
    <property name="java.class.version" value="55.0"/>
  </properties>
  <testcase name="shouldAnswerWithTrue" classname="com.redhat.apps.clients.AppTest" time="0.052"/>
</testsuite>